0 info it worked if it ends with ok
1 verbose cli [ '/usr/local/bin/node',
1 verbose cli   '/usr/local/bin/npm',
1 verbose cli   'install',
1 verbose cli   '--browserify' ]
2 info using npm@2.14.12
3 info using node@v4.3.1
4 verbose readDependencies loading dependencies from /Users/Hurley/Desktop/TIY/group-project2/package.json
5 verbose install where, deps [ '/Users/Hurley/Desktop/TIY/group-project2',
5 verbose install   [ 'browserify', 'firebase' ] ]
6 verbose install where, peers [ '/Users/Hurley/Desktop/TIY/group-project2', [] ]
7 verbose installManyTop reading for lifecycle /Users/Hurley/Desktop/TIY/group-project2/package.json
8 info preinstall group-project2@1.0.0
9 verbose installManyTop reading scoped package data from /Users/Hurley/Desktop/TIY/group-project2/node_modules/browserify/package.json
10 verbose installManyTop reading scoped package data from /Users/Hurley/Desktop/TIY/group-project2/node_modules/firebase/package.json
11 verbose installManyTop reading scoped package data from /Users/Hurley/Desktop/TIY/group-project2/node_modules/install/package.json
12 verbose installManyTop reading scoped package data from /Users/Hurley/Desktop/TIY/group-project2/node_modules/npm/package.json
13 verbose installManyTop reading scoped package data from /Users/Hurley/Desktop/TIY/group-project2/node_modules/underscore/package.json
14 info package.json firebase@2.4.2 No license field.
15 verbose readDependencies loading dependencies from /Users/Hurley/Desktop/TIY/group-project2/package.json
16 verbose targetResolver reading package data from /Users/Hurley/Desktop/TIY/group-project2/node_modules/browserify/package.json
17 verbose targetResolver reading package data from /Users/Hurley/Desktop/TIY/group-project2/node_modules/firebase/package.json
18 verbose targetResolver reading package data from /Users/Hurley/Desktop/TIY/group-project2/node_modules/install/package.json
19 verbose targetResolver reading package data from /Users/Hurley/Desktop/TIY/group-project2/node_modules/npm/package.json
20 verbose targetResolver reading package data from /Users/Hurley/Desktop/TIY/group-project2/node_modules/underscore/package.json
21 verbose targetResolver reading package data from /Users/Hurley/Desktop/TIY/group-project2/node_modules/.bin/npm/package.json
22 silly cache add args [ 'browserify@^13.0.0', null ]
23 verbose cache add spec browserify@^13.0.0
24 silly cache add parsed spec Result {
24 silly cache add   raw: 'browserify@^13.0.0',
24 silly cache add   scope: null,
24 silly cache add   name: 'browserify',
24 silly cache add   rawSpec: '^13.0.0',
24 silly cache add   spec: '>=13.0.0 <14.0.0',
24 silly cache add   type: 'range' }
25 silly addNamed browserify@>=13.0.0 <14.0.0
26 verbose addNamed ">=13.0.0 <14.0.0" is a valid semver range for browserify
27 silly addNameRange { name: 'browserify', range: '>=13.0.0 <14.0.0', hasData: false }
28 silly mapToRegistry name browserify
29 silly mapToRegistry using default registry
30 silly mapToRegistry registry https://registry.npmjs.org/
31 silly mapToRegistry uri https://registry.npmjs.org/browserify
32 verbose addNameRange registry:https://registry.npmjs.org/browserify not in flight; fetching
33 verbose already installed skipping firebase@^2.4.2 /Users/Hurley/Desktop/TIY/group-project2
34 verbose request uri https://registry.npmjs.org/browserify
35 verbose request no auth needed
36 info attempt registry request try #1 at 11:58:02 AM
37 verbose request id 16edaefe95ea2ed4
38 verbose etag "EP69EQTE8XL0ZGTNRHQQ7OFP0"
39 http request GET https://registry.npmjs.org/browserify
40 http 304 https://registry.npmjs.org/browserify
41 verbose headers { date: 'Fri, 01 Apr 2016 15:58:03 GMT',
41 verbose headers   via: '1.1 varnish',
41 verbose headers   'cache-control': 'max-age=300',
41 verbose headers   etag: '"EP69EQTE8XL0ZGTNRHQQ7OFP0"',
41 verbose headers   age: '290',
41 verbose headers   connection: 'keep-alive',
41 verbose headers   'x-served-by': 'cache-sjc3126-SJC',
41 verbose headers   'x-cache': 'HIT',
41 verbose headers   'x-cache-hits': '2',
41 verbose headers   'x-timer': 'S1459526283.054611,VS0,VE0',
41 verbose headers   vary: 'Accept' }
42 silly get cb [ 304,
42 silly get   { date: 'Fri, 01 Apr 2016 15:58:03 GMT',
42 silly get     via: '1.1 varnish',
42 silly get     'cache-control': 'max-age=300',
42 silly get     etag: '"EP69EQTE8XL0ZGTNRHQQ7OFP0"',
42 silly get     age: '290',
42 silly get     connection: 'keep-alive',
42 silly get     'x-served-by': 'cache-sjc3126-SJC',
42 silly get     'x-cache': 'HIT',
42 silly get     'x-cache-hits': '2',
42 silly get     'x-timer': 'S1459526283.054611,VS0,VE0',
42 silly get     vary: 'Accept' } ]
43 verbose etag https://registry.npmjs.org/browserify from cache
44 verbose get saving browserify to /Users/Hurley/.npm/registry.npmjs.org/browserify/.cache.json
45 silly addNameRange number 2 { name: 'browserify', range: '>=13.0.0 <14.0.0', hasData: true }
46 silly addNameRange versions [ 'browserify',
46 silly addNameRange   [ '0.0.1',
46 silly addNameRange     '0.0.2',
46 silly addNameRange     '0.0.3',
46 silly addNameRange     '0.0.4',
46 silly addNameRange     '0.0.5',
46 silly addNameRange     '0.1.0',
46 silly addNameRange     '0.1.1',
46 silly addNameRange     '0.1.2',
46 silly addNameRange     '0.1.3',
46 silly addNameRange     '0.1.4',
46 silly addNameRange     '0.1.5',
46 silly addNameRange     '0.2.0',
46 silly addNameRange     '0.2.1',
46 silly addNameRange     '0.2.2',
46 silly addNameRange     '0.2.3',
46 silly addNameRange     '0.2.4',
46 silly addNameRange     '0.2.5',
46 silly addNameRange     '0.2.6',
46 silly addNameRange     '0.2.7',
46 silly addNameRange     '0.2.8',
46 silly addNameRange     '0.2.9',
46 silly addNameRange     '0.2.10',
46 silly addNameRange     '0.2.11',
46 silly addNameRange     '0.3.0',
46 silly addNameRange     '0.3.1',
46 silly addNameRange     '0.3.2',
46 silly addNameRange     '0.3.3',
46 silly addNameRange     '0.3.4',
46 silly addNameRange     '0.3.5',
46 silly addNameRange     '0.3.6',
46 silly addNameRange     '0.3.7',
46 silly addNameRange     '0.4.0',
46 silly addNameRange     '0.4.1',
46 silly addNameRange     '0.4.2',
46 silly addNameRange     '0.4.3',
46 silly addNameRange     '0.4.4',
46 silly addNameRange     '0.4.5',
46 silly addNameRange     '0.4.6',
46 silly addNameRange     '0.4.7',
46 silly addNameRange     '0.4.8',
46 silly addNameRange     '0.4.9',
46 silly addNameRange     '0.4.10',
46 silly addNameRange     '0.4.11',
46 silly addNameRange     '0.4.12',
46 silly addNameRange     '0.4.13',
46 silly addNameRange     '0.4.14',
46 silly addNameRange     '0.4.15',
46 silly addNameRange     '0.5.0',
46 silly addNameRange     '0.5.1',
46 silly addNameRange     '0.5.2',
46 silly addNameRange     '1.0.0',
46 silly addNameRange     '1.1.0',
46 silly addNameRange     '1.1.1',
46 silly addNameRange     '1.1.2',
46 silly addNameRange     '1.1.3',
46 silly addNameRange     '1.1.4',
46 silly addNameRange     '1.2.0',
46 silly addNameRange     '1.2.1',
46 silly addNameRange     '1.2.2',
46 silly addNameRange     '1.2.3',
46 silly addNameRange     '1.2.4',
46 silly addNameRange     '1.2.5',
46 silly addNameRange     '1.2.6',
46 silly addNameRange     '1.2.7',
46 silly addNameRange     '1.2.8',
46 silly addNameRange     '1.2.9',
46 silly addNameRange     '1.3.0',
46 silly addNameRange     '1.4.0',
46 silly addNameRange     '1.4.1',
46 silly addNameRange     '1.4.2',
46 silly addNameRange     '1.4.3',
46 silly addNameRange     '1.4.4',
46 silly addNameRange     '1.4.5',
46 silly addNameRange     '1.4.6',
46 silly addNameRange     '1.4.7',
46 silly addNameRange     '1.4.8',
46 silly addNameRange     '1.5.0',
46 silly addNameRange     '1.6.0',
46 silly addNameRange     '1.6.1',
46 silly addNameRange     '1.7.0',
46 silly addNameRange     '1.7.1',
46 silly addNameRange     '1.7.2',
46 silly addNameRange     '1.7.3',
46 silly addNameRange     '1.7.4',
46 silly addNameRange     '1.7.5',
46 silly addNameRange     '1.7.6',
46 silly addNameRange     '1.7.7',
46 silly addNameRange     '1.8.0',
46 silly addNameRange     '1.8.1',
46 silly addNameRange     '1.8.2',
46 silly addNameRange     '1.8.3',
46 silly addNameRange     '1.9.0',
46 silly addNameRange     '1.9.1',
46 silly addNameRange     '1.9.2',
46 silly addNameRange     '1.9.3',
46 silly addNameRange     '1.9.4',
46 silly addNameRange     '1.10.0',
46 silly addNameRange     '1.10.1',
46 silly addNameRange     '1.10.2',
46 silly addNameRange     '1.10.3',
46 silly addNameRange     '1.10.4',
46 silly addNameRange     '1.10.5',
46 silly addNameRange     '1.10.6',
46 silly addNameRange     '1.10.7',
46 silly addNameRange     '1.10.8',
46 silly addNameRange     '1.10.9',
46 silly addNameRange     '1.10.11',
46 silly addNameRange     '1.10.12',
46 silly addNameRange     '1.10.13',
46 silly addNameRange     '1.10.14',
46 silly addNameRange     '1.10.15',
46 silly addNameRange     '1.10.16',
46 silly addNameRange     '1.10.17',
46 silly addNameRange     '1.11.0',
46 silly addNameRange     '1.11.1',
46 silly addNameRange     '1.12.0',
46 silly addNameRange     '1.12.1',
46 silly addNameRange     '1.12.2',
46 silly addNameRange     '1.12.3',
46 silly addNameRange     '1.13.0',
46 silly addNameRange     '1.13.1',
46 silly addNameRange     '1.13.2',
46 silly addNameRange     '1.13.3',
46 silly addNameRange     '1.13.4',
46 silly addNameRange     '1.13.5',
46 silly addNameRange     '1.13.6',
46 silly addNameRange     '1.13.8',
46 silly addNameRange     '1.13.9',
46 silly addNameRange     '1.13.10',
46 silly addNameRange     '1.14.0',
46 silly addNameRange     '1.14.1',
46 silly addNameRange     '1.14.2',
46 silly addNameRange     '1.14.3',
46 silly addNameRange     '1.14.4',
46 silly addNameRange     '1.14.5',
46 silly addNameRange     '1.15.0',
46 silly addNameRange     '1.15.1',
46 silly addNameRange     '1.15.2',
46 silly addNameRange     '1.15.3',
46 silly addNameRange     '1.15.4',
46 silly addNameRange     '1.15.5',
46 silly addNameRange     '1.15.6',
46 silly addNameRange     '1.16.0',
46 silly addNameRange     '1.16.1',
46 silly addNameRange     '1.16.2',
46 silly addNameRange     '1.16.3',
46 silly addNameRange     '1.16.4',
46 silly addNameRange     '1.16.5',
46 silly addNameRange     '1.16.6',
46 silly addNameRange     '1.16.7',
46 silly addNameRange     '1.16.8',
46 silly addNameRange     '1.17.0',
46 silly addNameRange     '1.17.1',
46 silly addNameRange     '1.17.2',
46 silly addNameRange     '1.17.3',
46 silly addNameRange     '1.18.0',
46 silly addNameRange     '2.0.0',
46 silly addNameRange     '2.0.1',
46 silly addNameRange     '2.1.0',
46 silly addNameRange     '2.2.0',
46 silly addNameRange     '2.2.1',
46 silly addNameRange     '2.2.2',
46 silly addNameRange     '2.2.3',
46 silly addNameRange     '2.2.4',
46 silly addNameRange     '2.2.5',
46 silly addNameRange     '2.2.6',
46 silly addNameRange     '2.3.0',
46 silly addNameRange     '2.3.1',
46 silly addNameRange     '2.4.0',
46 silly addNameRange     '2.4.1',
46 silly addNameRange     '2.4.2',
46 silly addNameRange     '2.4.3',
46 silly addNameRange     '2.5.0',
46 silly addNameRange     '2.5.1',
46 silly addNameRange     '2.6.0',
46 silly addNameRange     '2.6.1',
46 silly addNameRange     '2.7.0',
46 silly addNameRange     '2.7.1',
46 silly addNameRange     '2.7.2',
46 silly addNameRange     '2.7.3',
46 silly addNameRange     '2.7.4',
46 silly addNameRange     '2.8.0',
46 silly addNameRange     '2.8.1',
46 silly addNameRange     '2.9.0',
46 silly addNameRange     '2.10.0',
46 silly addNameRange     '2.10.1',
46 silly addNameRange     '2.10.2',
46 silly addNameRange     '2.11.0',
46 silly addNameRange     '2.12.0',
46 silly addNameRange     '2.12.1',
46 silly addNameRange     '2.12.2',
46 silly addNameRange     '2.12.3',
46 silly addNameRange     '2.12.4',
46 silly addNameRange     '2.12.5',
46 silly addNameRange     '2.13.0',
46 silly addNameRange     '2.13.1',
46 silly addNameRange     '2.13.2',
46 silly addNameRange     '2.13.3',
46 silly addNameRange     '2.14.0',
46 silly addNameRange     '2.14.1',
46 silly addNameRange     '2.14.2',
46 silly addNameRange     '2.15.0',
46 silly addNameRange     '2.16.0',
46 silly addNameRange     '2.17.0',
46 silly addNameRange     '2.17.1',
46 silly addNameRange     '2.17.2',
46 silly addNameRange     '2.17.3',
46 silly addNameRange     '2.17.4',
46 silly addNameRange     '2.18.0',
46 silly addNameRange     '2.18.1',
46 silly addNameRange     '2.19.0',
46 silly addNameRange     '2.20.0',
46 silly addNameRange     '2.20.1',
46 silly addNameRange     '2.20.2',
46 silly addNameRange     '2.21.0',
46 silly addNameRange     '2.22.0',
46 silly addNameRange     '2.23.0',
46 silly addNameRange     '2.23.1',
46 silly addNameRange     '2.24.0',
46 silly addNameRange     '2.24.1',
46 silly addNameRange     '2.24.2',
46 silly addNameRange     '2.24.3',
46 silly addNameRange     '2.25.0',
46 silly addNameRange     '2.25.1',
46 silly addNameRange     '2.26.0',
46 silly addNameRange     '2.27.0',
46 silly addNameRange     '2.27.1',
46 silly addNameRange     '2.28.0',
46 silly addNameRange     '2.29.0',
46 silly addNameRange     '2.29.1',
46 silly addNameRange     '2.30.0',
46 silly addNameRange     '2.31.0',
46 silly addNameRange     '2.32.0',
46 silly addNameRange     '2.32.1',
46 silly addNameRange     '2.32.2',
46 silly addNameRange     '2.32.3',
46 silly addNameRange     '2.32.4',
46 silly addNameRange     '2.33.0',
46 silly addNameRange     '2.33.1',
46 silly addNameRange     '2.34.0',
46 silly addNameRange     '2.34.1',
46 silly addNameRange     '2.34.2',
46 silly addNameRange     '2.34.3',
46 silly addNameRange     '2.35.0',
46 silly addNameRange     '2.35.1',
46 silly addNameRange     '2.35.2',
46 silly addNameRange     '2.35.3',
46 silly addNameRange     '2.35.4',
46 silly addNameRange     '2.36.0',
46 silly addNameRange     '2.36.1',
46 silly addNameRange     '3.0.0',
46 silly addNameRange     '3.1.0',
46 silly addNameRange     '3.1.1',
46 silly addNameRange     '3.1.2',
46 silly addNameRange     '3.1.3',
46 silly addNameRange     '3.2.0',
46 silly addNameRange     '3.2.1',
46 silly addNameRange     '3.2.2',
46 silly addNameRange     '3.3.0',
46 silly addNameRange     '3.4.0',
46 silly addNameRange     '3.4.1',
46 silly addNameRange     '3.5.0',
46 silly addNameRange     '3.6.0',
46 silly addNameRange     '3.7.0',
46 silly addNameRange     '3.8.0',
46 silly addNameRange     '3.8.1',
46 silly addNameRange     '3.9.0',
46 silly addNameRange     '3.9.1',
46 silly addNameRange     '3.10.0',
46 silly addNameRange     '3.11.0',
46 silly addNameRange     '3.11.1',
46 silly addNameRange     '3.12.0',
46 silly addNameRange     '3.13.0',
46 silly addNameRange     '3.14.0',
46 silly addNameRange     '3.14.1',
46 silly addNameRange     '3.16.0',
46 silly addNameRange     '3.16.1',
46 silly addNameRange     '3.17.0',
46 silly addNameRange     '3.18.0',
46 silly addNameRange     '3.19.0',
46 silly addNameRange     '3.19.1',
46 silly addNameRange     '3.20.0',
46 silly addNameRange     '3.20.1',
46 silly addNameRange     '3.20.2',
46 silly addNameRange     '3.21.0',
46 silly addNameRange     '3.21.1',
46 silly addNameRange     '3.22.0',
46 silly addNameRange     '3.22.1',
46 silly addNameRange     '3.23.0',
46 silly addNameRange     '3.23.1',
46 silly addNameRange     '3.24.0',
46 silly addNameRange     '3.24.1',
46 silly addNameRange     '3.24.2',
46 silly addNameRange     '3.24.3',
46 silly addNameRange     '3.24.4',
46 silly addNameRange     '3.24.5',
46 silly addNameRange     '3.24.6',
46 silly addNameRange     '3.24.7',
46 silly addNameRange     '3.24.8',
46 silly addNameRange     '3.24.9',
46 silly addNameRange     '3.24.10',
46 silly addNameRange     '3.24.11',
46 silly addNameRange     '3.24.13',
46 silly addNameRange     '3.25.0',
46 silly addNameRange     '3.25.1',
46 silly addNameRange     '3.25.2',
46 silly addNameRange     '3.26.0',
46 silly addNameRange     '3.27.0',
46 silly addNameRange     '3.27.1',
46 silly addNameRange     '3.28.0',
46 silly addNameRange     '3.28.1',
46 silly addNameRange     '3.28.2',
46 silly addNameRange     '3.29.0',
46 silly addNameRange     '3.29.1',
46 silly addNameRange     '3.30.0',
46 silly addNameRange     '3.30.1',
46 silly addNameRange     '3.30.2',
46 silly addNameRange     '3.30.3',
46 silly addNameRange     '3.30.4',
46 silly addNameRange     '3.31.0',
46 silly addNameRange     '3.31.1',
46 silly addNameRange     '3.31.2',
46 silly addNameRange     '3.32.0',
46 silly addNameRange     '3.32.1',
46 silly addNameRange     '3.33.0',
46 silly addNameRange     '3.33.1',
46 silly addNameRange     '3.34.0',
46 silly addNameRange     '3.35.0',
46 silly addNameRange     '3.36.0',
46 silly addNameRange     '3.36.1',
46 silly addNameRange     '3.37.0',
46 silly addNameRange     '3.37.1',
46 silly addNameRange     '3.37.2',
46 silly addNameRange     '3.38.0',
46 silly addNameRange     '3.38.1',
46 silly addNameRange     '3.39.0',
46 silly addNameRange     '3.40.0',
46 silly addNameRange     '3.40.1',
46 silly addNameRange     '3.40.2',
46 silly addNameRange     '3.40.3',
46 silly addNameRange     '3.40.4',
46 silly addNameRange     '3.41.0',
46 silly addNameRange     '3.42.0',
46 silly addNameRange     '3.43.0',
46 silly addNameRange     '3.44.0',
46 silly addNameRange     '3.44.1',
46 silly addNameRange     '3.44.2',
46 silly addNameRange     '3.45.0',
46 silly addNameRange     '3.46.0',
46 silly addNameRange     '3.46.1',
46 silly addNameRange     '4.0.0',
46 silly addNameRange     '4.1.0',
46 silly addNameRange     '4.1.1',
46 silly addNameRange     '4.1.2',
46 silly addNameRange     '4.1.3',
46 silly addNameRange     '4.1.4',
46 silly addNameRange     '4.1.5',
46 silly addNameRange     '4.1.6',
46 silly addNameRange     '4.1.7',
46 silly addNameRange     '4.1.8',
46 silly addNameRange     '4.1.9',
46 silly addNameRange     '4.1.10',
46 silly addNameRange     '4.1.11',
46 silly addNameRange     '4.2.0',
46 silly addNameRange     '4.2.1',
46 silly addNameRange     '4.2.2',
46 silly addNameRange     '4.2.3',
46 silly addNameRange     '5.0.0',
46 silly addNameRange     '5.0.1',
46 silly addNameRange     '5.0.2',
46 silly addNameRange     '5.0.3',
46 silly addNameRange     '5.0.4',
46 silly addNameRange     '5.0.5',
46 silly addNameRange     '5.0.6',
46 silly addNameRange     '5.0.7',
46 silly addNameRange     '5.0.8',
46 silly addNameRange     '5.1.0',
46 silly addNameRange     '5.1.1',
46 silly addNameRange     '5.2.0',
46 silly addNameRange     '5.2.1',
46 silly addNameRange     '5.3.0',
46 silly addNameRange     '5.4.0',
46 silly addNameRange     '5.4.1',
46 silly addNameRange     '5.4.2',
46 silly addNameRange     '5.5.0',
46 silly addNameRange     '5.6.0',
46 silly addNameRange     '5.6.1',
46 silly addNameRange     '5.7.0',
46 silly addNameRange     '5.8.0',
46 silly addNameRange     '5.9.0',
46 silly addNameRange     '5.9.1',
46 silly addNameRange     '5.9.2',
46 silly addNameRange     '5.9.3',
46 silly addNameRange     '5.10.0',
46 silly addNameRange     '5.10.1',
46 silly addNameRange     '5.11.0',
46 silly addNameRange     '5.11.1',
46 silly addNameRange     '5.11.2',
46 silly addNameRange     '5.12.0',
46 silly addNameRange     '5.12.1',
46 silly addNameRange     '5.12.2',
46 silly addNameRange     '5.13.0',
46 silly addNameRange     '5.13.1',
46 silly addNameRange     '6.0.0',
46 silly addNameRange     '6.0.1',
46 silly addNameRange     '6.0.2',
46 silly addNameRange     '6.0.3',
46 silly addNameRange     '6.1.0',
46 silly addNameRange     '6.1.1',
46 silly addNameRange     '6.1.2',
46 silly addNameRange     '6.2.0',
46 silly addNameRange     '6.3.0',
46 silly addNameRange     '6.3.1',
46 silly addNameRange     '6.3.2',
46 silly addNameRange     '6.3.3',
46 silly addNameRange     '6.3.4',
46 silly addNameRange     '7.0.0',
46 silly addNameRange     '7.0.1',
46 silly addNameRange     '7.0.2',
46 silly addNameRange     '7.0.3',
46 silly addNameRange     '7.1.0',
46 silly addNameRange     '8.0.0',
46 silly addNameRange     '8.0.1',
46 silly addNameRange     '8.0.2',
46 silly addNameRange     '8.0.3',
46 silly addNameRange     '8.1.0',
46 silly addNameRange     '8.1.1',
46 silly addNameRange     '8.1.2',
46 silly addNameRange     '8.1.3',
46 silly addNameRange     '9.0.0',
46 silly addNameRange     '9.0.1',
46 silly addNameRange     '9.0.2',
46 silly addNameRange     '9.0.3',
46 silly addNameRange     '9.0.4',
46 silly addNameRange     '9.0.5',
46 silly addNameRange     '9.0.6',
46 silly addNameRange     '9.0.7',
46 silly addNameRange     '9.0.8',
46 silly addNameRange     '10.0.0',
46 silly addNameRange     '10.1.0',
46 silly addNameRange     '10.1.1',
46 silly addNameRange     '10.1.2',
46 silly addNameRange     '10.1.3',
46 silly addNameRange     '10.2.0',
46 silly addNameRange     '10.2.1',
46 silly addNameRange     '10.2.3',
46 silly addNameRange     '10.2.4',
46 silly addNameRange     '10.2.5',
46 silly addNameRange     '10.2.6',
46 silly addNameRange     '11.0.0',
46 silly addNameRange     '11.0.1',
46 silly addNameRange     '11.1.0',
46 silly addNameRange     '11.2.0',
46 silly addNameRange     '12.0.0',
46 silly addNameRange     '12.0.1',
46 silly addNameRange     '12.0.2',
46 silly addNameRange     '13.0.0' ] ]
47 silly addNamed browserify@13.0.0
48 verbose addNamed "13.0.0" is a plain semver version for browserify
49 silly cache afterAdd browserify@13.0.0
50 verbose afterAdd /Users/Hurley/.npm/browserify/13.0.0/package/package.json not in flight; writing
51 verbose afterAdd /Users/Hurley/.npm/browserify/13.0.0/package/package.json written
52 silly install resolved [ { name: 'browserify',
52 silly install resolved     version: '13.0.0',
52 silly install resolved     description: 'browser-side require() the node way',
52 silly install resolved     main: 'index.js',
52 silly install resolved     bin: { browserify: 'bin/cmd.js' },
52 silly install resolved     repository:
52 silly install resolved      { type: 'git',
52 silly install resolved        url: 'git+ssh://git@github.com/substack/node-browserify.git' },
52 silly install resolved     keywords:
52 silly install resolved      [ 'browser',
52 silly install resolved        'require',
52 silly install resolved        'commonjs',
52 silly install resolved        'commonj-esque',
52 silly install resolved        'bundle',
52 silly install resolved        'npm',
52 silly install resolved        'javascript' ],
52 silly install resolved     dependencies:
52 silly install resolved      { JSONStream: '^1.0.3',
52 silly install resolved        assert: '~1.3.0',
52 silly install resolved        'browser-pack': '^6.0.1',
52 silly install resolved        'browser-resolve': '^1.11.0',
52 silly install resolved        'browserify-zlib': '~0.1.2',
52 silly install resolved        buffer: '^4.1.0',
52 silly install resolved        'concat-stream': '~1.5.1',
52 silly install resolved        'console-browserify': '^1.1.0',
52 silly install resolved        'constants-browserify': '~1.0.0',
52 silly install resolved        'crypto-browserify': '^3.0.0',
52 silly install resolved        defined: '^1.0.0',
52 silly install resolved        'deps-sort': '^2.0.0',
52 silly install resolved        'domain-browser': '~1.1.0',
52 silly install resolved        duplexer2: '~0.1.2',
52 silly install resolved        events: '~1.1.0',
52 silly install resolved        glob: '^5.0.15',
52 silly install resolved        has: '^1.0.0',
52 silly install resolved        htmlescape: '^1.1.0',
52 silly install resolved        'stream-http': '^2.0.0',
52 silly install resolved        'https-browserify': '~0.0.0',
52 silly install resolved        inherits: '~2.0.1',
52 silly install resolved        'insert-module-globals': '^7.0.0',
52 silly install resolved        isarray: '0.0.1',
52 silly install resolved        'labeled-stream-splicer': '^2.0.0',
52 silly install resolved        'module-deps': '^4.0.2',
52 silly install resolved        'os-browserify': '~0.1.1',
52 silly install resolved        parents: '^1.0.1',
52 silly install resolved        'path-browserify': '~0.0.0',
52 silly install resolved        process: '~0.11.0',
52 silly install resolved        punycode: '^1.3.2',
52 silly install resolved        'querystring-es3': '~0.2.0',
52 silly install resolved        'read-only-stream': '^2.0.0',
52 silly install resolved        'readable-stream': '^2.0.2',
52 silly install resolved        resolve: '^1.1.4',
52 silly install resolved        shasum: '^1.0.0',
52 silly install resolved        'shell-quote': '^1.4.3',
52 silly install resolved        'stream-browserify': '^2.0.0',
52 silly install resolved        string_decoder: '~0.10.0',
52 silly install resolved        subarg: '^1.0.0',
52 silly install resolved        'syntax-error': '^1.1.1',
52 silly install resolved        through2: '^2.0.0',
52 silly install resolved        'timers-browserify': '^1.0.1',
52 silly install resolved        'tty-browserify': '~0.0.0',
52 silly install resolved        url: '~0.11.0',
52 silly install resolved        util: '~0.10.1',
52 silly install resolved        'vm-browserify': '~0.0.1',
52 silly install resolved        xtend: '^4.0.0' },
52 silly install resolved     devDependencies:
52 silly install resolved      { backbone: '~0.9.2',
52 silly install resolved        'browser-unpack': '^1.1.1',
52 silly install resolved        'coffee-script': '~1.10.0',
52 silly install resolved        coffeeify: '~1.1.0',
52 silly install resolved        es6ify: '~0.4.8',
52 silly install resolved        isstream: '^0.1.2',
52 silly install resolved        seq: '0.3.5',
52 silly install resolved        tap: '^2.2.0',
52 silly install resolved        temp: '^0.8.1',
52 silly install resolved        through: '^2.3.4' },
52 silly install resolved     author:
52 silly install resolved      { name: 'James Halliday',
52 silly install resolved        email: 'mail@substack.net',
52 silly install resolved        url: 'http://substack.net' },
52 silly install resolved     scripts: { test: 'tap test/*.js' },
52 silly install resolved     license: 'MIT',
52 silly install resolved     gitHead: '5b82a2f1bc061cb47ff4aa7c702ed79fc20effa8',
52 silly install resolved     bugs: { url: 'https://github.com/substack/node-browserify/issues' },
52 silly install resolved     homepage: 'https://github.com/substack/node-browserify#readme',
52 silly install resolved     _id: 'browserify@13.0.0',
52 silly install resolved     _shasum: '8f223bb24ff4ee4335e6bea9671de294e43ba6a3',
52 silly install resolved     _from: 'browserify@>=13.0.0 <14.0.0',
52 silly install resolved     _npmVersion: '2.14.7',
52 silly install resolved     _nodeVersion: '4.2.3',
52 silly install resolved     _npmUser: { name: 'feross', email: 'feross@feross.org' },
52 silly install resolved     dist:
52 silly install resolved      { shasum: '8f223bb24ff4ee4335e6bea9671de294e43ba6a3',
52 silly install resolved        tarball: 'http://registry.npmjs.org/browserify/-/browserify-13.0.0.tgz' },
52 silly install resolved     maintainers:
52 silly install resolved      [ [Object],
52 silly install resolved        [Object],
52 silly install resolved        [Object],
52 silly install resolved        [Object],
52 silly install resolved        [Object],
52 silly install resolved        [Object],
52 silly install resolved        [Object],
52 silly install resolved        [Object],
52 silly install resolved        [Object],
52 silly install resolved        [Object],
52 silly install resolved        [Object] ],
52 silly install resolved     directories: {},
52 silly install resolved     _resolved: 'https://registry.npmjs.org/browserify/-/browserify-13.0.0.tgz',
52 silly install resolved     readme: 'ERROR: No README data found!' } ]
53 info install browserify@13.0.0 into /Users/Hurley/Desktop/TIY/group-project2
54 info installOne browserify@13.0.0
55 verbose installOne of browserify to /Users/Hurley/Desktop/TIY/group-project2 not in flight; installing
56 verbose lock using /Users/Hurley/.npm/_locks/browserify-e081e4dde5a19aea.lock for /Users/Hurley/Desktop/TIY/group-project2/node_modules/browserify
57 silly install write writing browserify 13.0.0 to /Users/Hurley/Desktop/TIY/group-project2/node_modules/browserify
58 verbose unbuild node_modules/browserify
59 silly gentlyRm /Users/Hurley/Desktop/TIY/group-project2/node_modules/browserify is being purged from base /Users/Hurley/Desktop/TIY/group-project2
60 verbose gentlyRm don't care about contents; nuking /Users/Hurley/Desktop/TIY/group-project2/node_modules/browserify
61 silly vacuum-fs purging /Users/Hurley/Desktop/TIY/group-project2/node_modules/browserify
62 verbose unlock done using /Users/Hurley/.npm/_locks/browserify-e081e4dde5a19aea.lock for /Users/Hurley/Desktop/TIY/group-project2/node_modules/browserify
63 verbose stack Error: EACCES: permission denied, unlink '/Users/Hurley/Desktop/TIY/group-project2/node_modules/browserify/node_modules/.bin/browser-pack'
63 verbose stack     at Error (native)
64 verbose cwd /Users/Hurley/Desktop/TIY/group-project2
65 error Darwin 15.0.0
66 error argv "/usr/local/bin/node" "/usr/local/bin/npm" "install" "--browserify"
67 error node v4.3.1
68 error npm  v2.14.12
69 error path /Users/Hurley/Desktop/TIY/group-project2/node_modules/browserify/node_modules/.bin/browser-pack
70 error code EACCES
71 error errno -13
72 error syscall unlink
73 error Error: EACCES: permission denied, unlink '/Users/Hurley/Desktop/TIY/group-project2/node_modules/browserify/node_modules/.bin/browser-pack'
73 error     at Error (native)
73 error  { [Error: EACCES: permission denied, unlink '/Users/Hurley/Desktop/TIY/group-project2/node_modules/browserify/node_modules/.bin/browser-pack']
73 error   errno: -13,
73 error   code: 'EACCES',
73 error   syscall: 'unlink',
73 error   path: '/Users/Hurley/Desktop/TIY/group-project2/node_modules/browserify/node_modules/.bin/browser-pack' }
74 error Please try running this command again as root/Administrator.
75 verbose exit [ -13, true ]
76 verbose unbuild node_modules/browserify
77 silly gentlyRm /Users/Hurley/Desktop/TIY/group-project2/node_modules/browserify is being purged from base /Users/Hurley/Desktop/TIY/group-project2
78 verbose gentlyRm don't care about contents; nuking /Users/Hurley/Desktop/TIY/group-project2/node_modules/browserify
79 silly vacuum-fs purging /Users/Hurley/Desktop/TIY/group-project2/node_modules/browserify
80 error error rolling back Error: EACCES: permission denied, unlink '/Users/Hurley/Desktop/TIY/group-project2/node_modules/browserify/node_modules/.bin/JSONStream'
80 error error rolling back     at Error (native)
80 error error rolling back  { [Error: EACCES: permission denied, unlink '/Users/Hurley/Desktop/TIY/group-project2/node_modules/browserify/node_modules/.bin/JSONStream']
80 error error rolling back   errno: -13,
80 error error rolling back   code: 'EACCES',
80 error error rolling back   syscall: 'unlink',
80 error error rolling back   path: '/Users/Hurley/Desktop/TIY/group-project2/node_modules/browserify/node_modules/.bin/JSONStream' }
