0 info it worked if it ends with ok
1 verbose cli [ '/usr/local/bin/node',
1 verbose cli   '/usr/local/bin/npm',
1 verbose cli   'install',
1 verbose cli   '--global',
1 verbose cli   'surge' ]
2 info using npm@2.14.12
3 info using node@v4.3.1
4 verbose install initial load of /usr/local/lib/package.json
5 verbose readDependencies loading dependencies from /usr/local/lib/package.json
6 silly cache add args [ 'surge', null ]
7 verbose cache add spec surge
8 silly cache add parsed spec Result {
8 silly cache add   raw: 'surge',
8 silly cache add   scope: null,
8 silly cache add   name: 'surge',
8 silly cache add   rawSpec: '',
8 silly cache add   spec: 'latest',
8 silly cache add   type: 'tag' }
9 silly addNamed surge@latest
10 verbose addNamed "latest" is being treated as a dist-tag for surge
11 info addNameTag [ 'surge', 'latest' ]
12 silly mapToRegistry name surge
13 silly mapToRegistry using default registry
14 silly mapToRegistry registry https://registry.npmjs.org/
15 silly mapToRegistry uri https://registry.npmjs.org/surge
16 verbose addNameTag registry:https://registry.npmjs.org/surge not in flight; fetching
17 verbose request uri https://registry.npmjs.org/surge
18 verbose request no auth needed
19 info attempt registry request try #1 at 9:34:55 PM
20 verbose request id 4058ff6ea04ce37c
21 verbose etag "35IHPH61Y2BU6KJ517OKM0WQX"
22 http request GET https://registry.npmjs.org/surge
23 http 304 https://registry.npmjs.org/surge
24 verbose headers { date: 'Sun, 03 Apr 2016 01:34:51 GMT',
24 verbose headers   via: '1.1 varnish',
24 verbose headers   'cache-control': 'max-age=300',
24 verbose headers   etag: '"35IHPH61Y2BU6KJ517OKM0WQX"',
24 verbose headers   age: '0',
24 verbose headers   connection: 'keep-alive',
24 verbose headers   'x-served-by': 'cache-atl6228-ATL',
24 verbose headers   'x-cache': 'HIT',
24 verbose headers   'x-cache-hits': '1',
24 verbose headers   'x-timer': 'S1459647291.007433,VS0,VE334',
24 verbose headers   vary: 'Accept' }
25 silly get cb [ 304,
25 silly get   { date: 'Sun, 03 Apr 2016 01:34:51 GMT',
25 silly get     via: '1.1 varnish',
25 silly get     'cache-control': 'max-age=300',
25 silly get     etag: '"35IHPH61Y2BU6KJ517OKM0WQX"',
25 silly get     age: '0',
25 silly get     connection: 'keep-alive',
25 silly get     'x-served-by': 'cache-atl6228-ATL',
25 silly get     'x-cache': 'HIT',
25 silly get     'x-cache-hits': '1',
25 silly get     'x-timer': 'S1459647291.007433,VS0,VE334',
25 silly get     vary: 'Accept' } ]
26 verbose etag https://registry.npmjs.org/surge from cache
27 verbose get saving surge to /Users/SadieForsythe/.npm/registry.npmjs.org/surge/.cache.json
28 silly addNameTag next cb for surge with tag latest
29 silly addNamed surge@0.17.7
30 verbose addNamed "0.17.7" is a plain semver version for surge
31 silly cache afterAdd surge@0.17.7
32 verbose afterAdd /Users/SadieForsythe/.npm/surge/0.17.7/package/package.json not in flight; writing
33 verbose afterAdd /Users/SadieForsythe/.npm/surge/0.17.7/package/package.json written
34 silly install resolved [ { name: 'surge',
34 silly install resolved     version: '0.17.7',
34 silly install resolved     description: 'CDN for front-end developers',
34 silly install resolved     author: { name: 'Brock Whitten', email: 'brock@chloi.io' },
34 silly install resolved     bin: { surge: './lib/cli.js' },
34 silly install resolved     dependencies:
34 silly install resolved      { du: '0.1.0',
34 silly install resolved        'fstream-ignore': '1.0.2',
34 silly install resolved        'is-domain': '0.0.1',
34 silly install resolved        moniker: '0.1.2',
34 silly install resolved        netrc: '0.1.4',
34 silly install resolved        prompt: '~0.2.14',
34 silly install resolved        progress: '1.1.8',
34 silly install resolved        request: '2.40.0',
34 silly install resolved        split: '0.3.1',
34 silly install resolved        'surge-ignore': '0.2.0',
34 silly install resolved        tar: '1.0.0',
34 silly install resolved        'tar.gz': '0.1.1',
34 silly install resolved        'url-parse-as-address': '1.0.0',
34 silly install resolved        read: '1.0.5',
34 silly install resolved        minimist: '1.1.1' },
34 silly install resolved     devDependencies:
34 silly install resolved      { commander: '2.9.0',
34 silly install resolved        mocha: '*',
34 silly install resolved        nixt: '0.4.1',
34 silly install resolved        should: '7.1.0',
34 silly install resolved        yargs: '3.30.0' },
34 silly install resolved     license: 'ISC',
34 silly install resolved     main: './lib/surge.js',
34 silly install resolved     ignore: [ 'test' ],
34 silly install resolved     scripts:
34 silly install resolved      { test: 'mocha -t 5000',
34 silly install resolved        'test:local': 'ENDPOINT=\'localhost:5001\' ./node_modules/.bin/mocha' },
34 silly install resolved     repository: { type: 'git', url: 'git+https://github.com/sintaxi/surge.git' },
34 silly install resolved     gitHead: 'a4711aaf2fadf699c572546711e3dd254b273886',
34 silly install resolved     bugs: { url: 'https://github.com/sintaxi/surge/issues' },
34 silly install resolved     homepage: 'https://github.com/sintaxi/surge#readme',
34 silly install resolved     _id: 'surge@0.17.7',
34 silly install resolved     _shasum: 'd9ec476451530ff88ffd6ad4e970041181aa032f',
34 silly install resolved     _from: 'surge@latest',
34 silly install resolved     _npmVersion: '3.5.2',
34 silly install resolved     _nodeVersion: '4.2.3',
34 silly install resolved     _npmUser: { name: 'sintaxi', email: 'brock@sintaxi.com' },
34 silly install resolved     maintainers: [ [Object], [Object] ],
34 silly install resolved     dist:
34 silly install resolved      { shasum: 'd9ec476451530ff88ffd6ad4e970041181aa032f',
34 silly install resolved        tarball: 'http://registry.npmjs.org/surge/-/surge-0.17.7.tgz' },
34 silly install resolved     directories: {},
34 silly install resolved     _resolved: 'https://registry.npmjs.org/surge/-/surge-0.17.7.tgz',
34 silly install resolved     readme: 'ERROR: No README data found!' } ]
35 info install surge@0.17.7 into /usr/local/lib
36 info installOne surge@0.17.7
37 verbose installOne of surge to /usr/local/lib not in flight; installing
38 verbose lock using /Users/SadieForsythe/.npm/_locks/surge-9264acc302f55897.lock for /usr/local/lib/node_modules/surge
39 silly install write writing surge 0.17.7 to /usr/local/lib/node_modules/surge
40 verbose unbuild lib/node_modules/surge
41 info preuninstall surge@0.17.7
42 info uninstall surge@0.17.7
43 verbose unbuild rmStuff surge@0.17.7 from /usr/local/lib/node_modules
44 silly gentlyRm /usr/local/bin/surge is being gently removed
45 silly gentlyRm verifying /usr/local is an npm working directory
46 silly gentlyRm containing path /usr/local is under npm's control, in /usr/local
47 silly gentlyRm deletion target /usr/local/bin/surge is under /usr/local
48 verbose gentlyRm vacuuming from /usr/local/bin/surge up to /usr/local
49 silly vacuum-fs removing /usr/local/bin/surge
50 verbose unlock done using /Users/SadieForsythe/.npm/_locks/surge-9264acc302f55897.lock for /usr/local/lib/node_modules/surge
51 verbose stack Error: EACCES: permission denied, unlink '/usr/local/bin/surge'
51 verbose stack     at Error (native)
52 verbose cwd /Users/SadieForsythe/Documents/IRONYARD/groupproject2/group-project2/add
53 error Darwin 14.1.0
54 error argv "/usr/local/bin/node" "/usr/local/bin/npm" "install" "--global" "surge"
55 error node v4.3.1
56 error npm  v2.14.12
57 error path /usr/local/bin/surge
58 error code EACCES
59 error errno -13
60 error syscall unlink
61 error Error: EACCES: permission denied, unlink '/usr/local/bin/surge'
61 error     at Error (native)
61 error  { [Error: EACCES: permission denied, unlink '/usr/local/bin/surge']
61 error   errno: -13,
61 error   code: 'EACCES',
61 error   syscall: 'unlink',
61 error   path: '/usr/local/bin/surge' }
62 error Please try running this command again as root/Administrator.
63 verbose exit [ -13, true ]
64 verbose unbuild lib/node_modules/surge
65 info preuninstall surge@0.17.7
66 info uninstall surge@0.17.7
67 verbose unbuild rmStuff surge@0.17.7 from /usr/local/lib/node_modules
68 silly gentlyRm /usr/local/bin/surge is being gently removed
69 silly gentlyRm verifying /usr/local is an npm working directory
70 silly gentlyRm containing path /usr/local is under npm's control, in /usr/local
71 silly gentlyRm deletion target /usr/local/bin/surge is under /usr/local
72 verbose gentlyRm vacuuming from /usr/local/bin/surge up to /usr/local
73 silly vacuum-fs removing /usr/local/bin/surge
74 error error rolling back Error: EACCES: permission denied, unlink '/usr/local/bin/surge'
74 error error rolling back     at Error (native)
74 error error rolling back  { [Error: EACCES: permission denied, unlink '/usr/local/bin/surge']
74 error error rolling back   errno: -13,
74 error error rolling back   code: 'EACCES',
74 error error rolling back   syscall: 'unlink',
74 error error rolling back   path: '/usr/local/bin/surge' }
